events: wall_time

fl=
fn=Array::take
0 2

fl=C:/Source/ruby-prof/<internal:numeric>
fn=Integer::-@
104 6

fl=
fn=Hash::each
0 17
cfl=C:/Source/ruby-prof/<internal:numeric>
cfn=Integer::-@
calls=25 19
19 6

fl=
fn=Enumerable::sort_by
0 7
cfl=
cfn=Hash::each
calls=1 0
0 23

fl=C:/Source/ruby-prof/docs/public/examples/example.rb
fn=Object::top_words
18 6
cfl=
cfn=Enumerable::sort_by
calls=1 19
19 30
cfl=
cfn=Array::take
calls=1 19
19 2

fl=
fn=Hash::[]=
0 1000

fl=
fn=Integer::+
0 675

fl=
fn=Hash::[]
0 878

fl=
fn=Array::each
0 3021
cfl=
cfn=Hash::[]
calls=5800 14
14 878
cfl=
cfn=Integer::+
calls=5800 14
14 675
cfl=
cfn=Hash::[]=
calls=5800 14
14 1000

fl=C:/Source/ruby-prof/<internal:hash>
fn=Hash::initialize
37 3

fl=C:/Source/ruby-prof/docs/public/examples/example.rb
fn=Object::count_words
12 7
cfl=C:/Source/ruby-prof/<internal:hash>
cfn=Hash::initialize
calls=1 13
13 3
cfl=
cfn=Array::each
calls=1 14
14 5574

fl=
fn=String::split
0 1508

fl=C:/Source/ruby-prof/docs/public/examples/example.rb
fn=Object::tokenize
8 2
cfl=
cfn=String::split
calls=1 9
9 1508

fl=
fn=String::gsub
0 591

fl=
fn=String::downcase
0 16

fl=C:/Source/ruby-prof/docs/public/examples/example.rb
fn=Object::normalize
4 4
cfl=
cfn=String::downcase
calls=1 5
5 16
cfl=
cfn=String::gsub
calls=1 5
5 591

fl=
fn=String::*
0 6

fl=C:/Source/ruby-prof/docs/public/examples/example.rb
fn=Object::run_example
22 12
cfl=
cfn=String::*
calls=1 23
23 6
cfl=C:/Source/ruby-prof/docs/public/examples/example.rb
cfn=Object::normalize
calls=1 29
29 611
cfl=C:/Source/ruby-prof/docs/public/examples/example.rb
cfn=Object::tokenize
calls=1 30
30 1510
cfl=C:/Source/ruby-prof/docs/public/examples/example.rb
cfn=Object::count_words
calls=1 31
31 5583
cfl=C:/Source/ruby-prof/docs/public/examples/example.rb
cfn=Object::top_words
calls=1 32
32 38

fl=C:/Source/ruby-prof/docs/public/examples/generate_reports.rb
fn=[global]::
24 14
cfl=C:/Source/ruby-prof/docs/public/examples/example.rb
cfn=Object::run_example
calls=1 24
24 7761

